<?xml version="1.0" encoding="UTF-8"?>
<testng-results ignored="0" total="2" passed="2" failed="0" skipped="0">
  <reporter-output>
  </reporter-output>
  <suite started-at="2026-05-29T11:13:59 IST" name="Default suite" finished-at="2026-05-29T11:14:42 IST" duration-ms="43289">
    <groups>
      <group name="cucumber">
        <method signature="AbstractTestNGCucumberTests.runScenario(io.cucumber.testng.PickleWrapper,io.cucumber.testng.FeatureWrapper)[pri:0, instance:Runners.TestRunner@1ff4931d]" name="runScenario" class="io.cucumber.testng.AbstractTestNGCucumberTests"/>
      </group> <!-- cucumber -->
    </groups>
    <test started-at="2026-05-29T11:13:59 IST" name="Default test" finished-at="2026-05-29T11:14:42 IST" duration-ms="43289">
      <class name="Runners.TestRunner">
        <test-method is-config="true" signature="setUpClass(org.testng.ITestContext)[pri:0, instance:Runners.TestRunner@1ff4931d]" started-at="2026-05-29T11:13:59 IST" name="setUpClass" finished-at="2026-05-29T11:14:00 IST" duration-ms="646" status="PASS">
          <params>
            <param index="0">
              <value>
                <![CDATA[org.testng.TestRunner@33bdd01]]>
              </value>
            </param>
          </params>
          <reporter-output>
          </reporter-output>
        </test-method> <!-- setUpClass -->
        <test-method signature="runScenario(io.cucumber.testng.PickleWrapper,io.cucumber.testng.FeatureWrapper)[pri:0, instance:Runners.TestRunner@1ff4931d]" started-at="2026-05-29T11:14:00 IST" name="runScenario" description="Runs Cucumber Scenarios" data-provider="scenarios" finished-at="2026-05-29T11:14:19 IST" duration-ms="19026" status="PASS">
          <params>
            <param index="0">
              <value>
                <![CDATA["To validate Search functionality"]]>
              </value>
            </param>
            <param index="1">
              <value>
                <![CDATA["To test the Flipkart functionality"]]>
              </value>
            </param>
          </params>
          <reporter-output>
          </reporter-output>
        </test-method> <!-- runScenario -->
        <test-method signature="runScenario(io.cucumber.testng.PickleWrapper,io.cucumber.testng.FeatureWrapper)[pri:0, instance:Runners.TestRunner@1ff4931d]" started-at="2026-05-29T11:14:19 IST" name="runScenario" description="Runs Cucumber Scenarios" data-provider="scenarios" finished-at="2026-05-29T11:14:42 IST" duration-ms="23521" status="PASS">
          <params>
            <param index="0">
              <value>
                <![CDATA["User tries to buy a product without logging in"]]>
              </value>
            </param>
            <param index="1">
              <value>
                <![CDATA["Test Flipkart Buy Now Functionality"]]>
              </value>
            </param>
          </params>
          <reporter-output>
          </reporter-output>
        </test-method> <!-- runScenario -->
        <test-method is-config="true" signature="tearDownClass()[pri:0, instance:Runners.TestRunner@1ff4931d]" started-at="2026-05-29T11:14:42 IST" name="tearDownClass" finished-at="2026-05-29T11:14:42 IST" duration-ms="30" status="PASS">
          <reporter-output>
          </reporter-output>
        </test-method> <!-- tearDownClass -->
      </class> <!-- Runners.TestRunner -->
    </test> <!-- Default test -->
  </suite> <!-- Default suite -->
</testng-results>
